<?xml version="1.0" encoding="utf-8"?>
<coverage line-rate="0.8571" branch-rate="0.5" version="1.9" timestamp="1677485794" lines-covered="6" lines-valid="7" branches-covered="1" branches-valid="2">
  <sources>
    <source>C:\Users\Zulfugarka\source\repos\JobApplication\JobApplicationLibrary\</source>
  </sources>
  <packages>
    <package name="JobApplicationLibrary" line-rate="0.8571" branch-rate="0.5" complexity="7">
      <classes>
        <class name="JobApplicationLibrary.ApplicationEvaluator" filename="ApplicationEvaluator.cs" line-rate="1" branch-rate="0.5" complexity="2">
          <methods>
            <method name="Evaluate" signature="(JobApplicationLibrary.Models.JobApplication)" line-rate="1" branch-rate="0.5" complexity="2">
              <lines>
                <line number="14" hits="1" branch="True" condition-coverage="50% (1/2)">
                  <conditions>
                    <condition number="13" type="jump" coverage="50%" />
                  </conditions>
                </line>
                <line number="15" hits="1" branch="False" />
              </lines>
            </method>
          </methods>
          <lines>
            <line number="14" hits="1" branch="True" condition-coverage="50% (1/2)">
              <conditions>
                <condition number="13" type="jump" coverage="50%" />
              </conditions>
            </line>
            <line number="15" hits="1" branch="False" />
          </lines>
        </class>
        <class name="JobApplicationLibrary.Models.Applicant" filename="Models\Applicant.cs" line-rate="1" branch-rate="1" complexity="1">
          <methods>
            <method name="get_Age" signature="()" line-rate="1" branch-rate="1" complexity="1">
              <lines>
                <line number="11" hits="2" branch="False" />
              </lines>
            </method>
          </methods>
          <lines>
            <line number="11" hits="2" branch="False" />
          </lines>
        </class>
        <class name="JobApplicationLibrary.Models.JobApplication" filename="Models\JobApplication.cs" line-rate="0.75" branch-rate="1" complexity="4">
          <methods>
            <method name="get_Applicant" signature="()" line-rate="1" branch-rate="1" complexity="1">
              <lines>
                <line number="11" hits="2" branch="False" />
              </lines>
            </method>
            <method name="get_YearsOfExperience" signature="()" line-rate="0" branch-rate="1" complexity="1">
              <lines>
                <line number="12" hits="0" branch="False" />
              </lines>
            </method>
            <method name="get_TechStack" signature="()" line-rate="1" branch-rate="1" complexity="1">
              <lines>
                <line number="13" hits="1" branch="False" />
              </lines>
            </method>
            <method name=".ctor" signature="()" line-rate="1" branch-rate="1" complexity="1">
              <lines>
                <line number="15" hits="2" branch="False" />
              </lines>
            </method>
          </methods>
          <lines>
            <line number="11" hits="2" branch="False" />
            <line number="12" hits="0" branch="False" />
            <line number="13" hits="1" branch="False" />
            <line number="15" hits="2" branch="False" />
          </lines>
        </class>
      </classes>
    </package>
  </packages>
</coverage>